<?xml version="1.0" encoding="UTF-8"?>
<testsuite xmlns:xsi="http://www.w3.org/2001/XMLSchema-instance" xsi:noNamespaceSchemaLocation="https://maven.apache.org/surefire/maven-surefire-plugin/xsd/surefire-test-report-3.0.xsd" version="3.0" name="cucumber.Options.TestRunner" time="13.084" tests="1" errors="0" skipped="0" failures="0">
  <properties>
[...]
</properties>
  <testcase name="Verfy if Delete place API is working" classname="To validate place APIs" time="10.595">
    <system-out><![CDATA[/maps/api/place/add/json
EXECUTING 1
EXECUTING 4
/maps/api/place/get/json
EXECUTING 1
/maps/api/place/delete/json
EXECUTING 1
EXECUTING 2
EXECUTING 3
]]></system-out>
    <system-err><![CDATA[Sep 29, 2024 12:17:08 AM io.cucumber.core.options.CucumberPropertiesParser lambda$warnWhenCucumberOptionsIsUsed$2
WARNING: Passing commandline options via the property 'cucumber.options' is no longer supported. Please use individual properties instead. See the java doc on io.cucumber.core.options.Constants for details.
]]></system-err>
  </testcase>
</testsuite>